c:\users\hp\source\repos\bancosecond\bancosecond\x64\debug\bancosecond.pch
c:\users\hp\source\repos\bancosecond\bancosecond\x64\debug\vc143.pdb
c:\users\hp\source\repos\bancosecond\bancosecond\x64\debug\pch.obj
c:\users\hp\source\repos\bancosecond\bancosecond\x64\debug\inicio.obj
c:\users\hp\source\repos\bancosecond\bancosecond\x64\debug\form1.obj
c:\users\hp\source\repos\bancosecond\bancosecond\x64\debug\cppclr_winformsproject.obj
c:\users\hp\source\repos\bancosecond\bancosecond\x64\debug\basedatos.obj
c:\users\hp\source\repos\bancosecond\bancosecond\x64\debug\assemblyinfo.obj
c:\users\hp\source\repos\bancosecond\bancosecond\x64\debug\.netframework,version=v4.7.2.assemblyattributes.obj
c:\users\hp\source\repos\bancosecond\bancosecond\x64\debug\cambiacontra.obj
c:\users\hp\source\repos\bancosecond\bancosecond\x64\debug\retiro.obj
c:\users\hp\source\repos\bancosecond\bancosecond\x64\debug\deposito.obj
c:\users\hp\source\repos\bancosecond\bancosecond\x64\debug\movimientos.obj
c:\users\hp\source\repos\bancosecond\bancosecond\x64\debug\clientes.obj
c:\users\hp\source\repos\bancosecond\bancosecond\x64\debug\agregarcliente.obj
c:\users\hp\source\repos\bancosecond\bancosecond\x64\debug\modificarcliente.obj
c:\users\hp\source\repos\bancosecond\x64\debug\mysql.data.dll
c:\users\hp\source\repos\bancosecond\x64\debug\system.memory.dll
c:\users\hp\source\repos\bancosecond\x64\debug\system.threading.tasks.extensions.dll
c:\users\hp\source\repos\bancosecond\x64\debug\system.numerics.vectors.dll
c:\users\hp\source\repos\bancosecond\x64\debug\system.buffers.dll
c:\users\hp\source\repos\bancosecond\x64\debug\mysql.data.xml
c:\users\hp\source\repos\bancosecond\x64\debug\bancosecond.exe
c:\users\hp\source\repos\bancosecond\x64\debug\bancosecond.pdb
c:\users\hp\source\repos\bancosecond\bancosecond\x64\debug\app.res
c:\users\hp\source\repos\bancosecond\bancosecond\x64\debug\bancosecond.tlog\cl.command.1.tlog
c:\users\hp\source\repos\bancosecond\bancosecond\x64\debug\bancosecond.tlog\cl.items.tlog
c:\users\hp\source\repos\bancosecond\bancosecond\x64\debug\bancosecond.tlog\cl.read.1.tlog
c:\users\hp\source\repos\bancosecond\bancosecond\x64\debug\bancosecond.tlog\cl.write.1.tlog
c:\users\hp\source\repos\bancosecond\bancosecond\x64\debug\bancosecond.tlog\copylocal.read.1u.tlog
c:\users\hp\source\repos\bancosecond\bancosecond\x64\debug\bancosecond.tlog\copylocal.write.1u.tlog
c:\users\hp\source\repos\bancosecond\bancosecond\x64\debug\bancosecond.tlog\link.command.1.tlog
c:\users\hp\source\repos\bancosecond\bancosecond\x64\debug\bancosecond.tlog\link.read.1.tlog
c:\users\hp\source\repos\bancosecond\bancosecond\x64\debug\bancosecond.tlog\link.write.1.tlog
c:\users\hp\source\repos\bancosecond\bancosecond\x64\debug\bancosecond.tlog\metagen.read.1.tlog
c:\users\hp\source\repos\bancosecond\bancosecond\x64\debug\bancosecond.tlog\metagen.write.1.tlog
c:\users\hp\source\repos\bancosecond\bancosecond\x64\debug\bancosecond.tlog\rc.command.1.tlog
c:\users\hp\source\repos\bancosecond\bancosecond\x64\debug\bancosecond.tlog\rc.read.1.tlog
c:\users\hp\source\repos\bancosecond\bancosecond\x64\debug\bancosecond.tlog\rc.write.1.tlog
c:\users\hp\source\repos\bancosecond\bancosecond\x64\debug\bancosecond.tlog\resgen.command.1.tlog
c:\users\hp\source\repos\bancosecond\bancosecond\x64\debug\bancosecond.tlog\resgen.read.1.tlog
c:\users\hp\source\repos\bancosecond\bancosecond\x64\debug\bancosecond.tlog\resgen.write.1.tlog
